<?xml version="1.0" encoding="UTF-8"?>
<testsuite name="com.sbsocial.userservice.services.UserServicesTest" tests="1" skipped="0" failures="0" errors="0" timestamp="2023-09-19T19:26:13" hostname="osmait-ms7b86" time="0.718">
  <properties/>
  <testcase name="findProfile()" classname="com.sbsocial.userservice.services.UserServicesTest" time="0.718"/>
  <system-out><![CDATA[]]></system-out>
  <system-err><![CDATA[]]></system-err>
</testsuite>
