<?xml version="1.0" encoding="UTF-8"?>
<testsuite name="com.sbsocial.userservice.services.UserServicesTest" tests="4" skipped="0" failures="0" errors="0" timestamp="2023-11-13T23:19:24" hostname="osmait-ms7b86" time="0.652">
  <properties/>
  <testcase name="create()" classname="com.sbsocial.userservice.services.UserServicesTest" time="0.639"/>
  <testcase name="findOne()" classname="com.sbsocial.userservice.services.UserServicesTest" time="0.005"/>
  <testcase name="findOneByEmail()" classname="com.sbsocial.userservice.services.UserServicesTest" time="0.003"/>
  <testcase name="findProfile()" classname="com.sbsocial.userservice.services.UserServicesTest" time="0.002"/>
  <system-out><![CDATA[]]></system-out>
  <system-err><![CDATA[]]></system-err>
</testsuite>
