<?xml version="1.0" encoding="UTF-8"?>
<testsuite name="com.sbsocial.userservice.UserServiceApplicationTests" tests="1" skipped="0" failures="0" errors="0" timestamp="2023-08-17T13:27:58" hostname="osmait-ms7b86" time="0.793">
  <properties/>
  <testcase name="contextLoads()" classname="com.sbsocial.userservice.UserServiceApplicationTests" time="0.793"/>
  <system-out><![CDATA[09:27:51.365 [Test worker] INFO org.springframework.test.context.support.AnnotationConfigContextLoaderUtils -- Could not detect default configuration classes for test class [com.sbsocial.userservice.UserServiceApplicationTests]: UserServiceApplicationTests does not declare any static, non-private, non-final, nested classes annotated with @Configuration.
09:27:51.530 [Test worker] INFO org.springframework.boot.test.context.SpringBootTestContextBootstrapper -- Found @SpringBootConfiguration com.sbsocial.userservice.UserServiceApplication for test class com.sbsocial.userservice.UserServiceApplicationTests

  .   ____          _            __ _ _
 /\\ / ___'_ __ _ _(_)_ __  __ _ \ \ \ \
( ( )\___ | '_ | '_| | '_ \/ _` | \ \ \ \
 \\/  ___)| |_)| | | | | || (_| |  ) ) ) )
  '  |____| .__|_| |_|_| |_\__, | / / / /
 =========|_|==============|___/=/_/_/_/
 :: Spring Boot ::                (v3.1.2)

2023-08-17T09:27:52.386-04:00  INFO 13321 --- [    Test worker] c.s.u.UserServiceApplicationTests        : Starting UserServiceApplicationTests using Java 17.0.6 with PID 13321 (started by osmait in /home/osmait/Documents/WorkSpace/redsocialMicroservices/userService/userService)
2023-08-17T09:27:52.391-04:00  INFO 13321 --- [    Test worker] c.s.u.UserServiceApplicationTests        : No active profile set, falling back to 1 default profile: "default"
2023-08-17T09:27:53.949-04:00  INFO 13321 --- [    Test worker] .s.d.r.c.RepositoryConfigurationDelegate : Bootstrapping Spring Data JPA repositories in DEFAULT mode.
2023-08-17T09:27:54.033-04:00  INFO 13321 --- [    Test worker] .s.d.r.c.RepositoryConfigurationDelegate : Finished Spring Data repository scanning in 69 ms. Found 1 JPA repository interfaces.
2023-08-17T09:27:54.778-04:00  INFO 13321 --- [    Test worker] o.hibernate.jpa.internal.util.LogHelper  : HHH000204: Processing PersistenceUnitInfo [name: default]
2023-08-17T09:27:54.869-04:00  INFO 13321 --- [    Test worker] org.hibernate.Version                    : HHH000412: Hibernate ORM core version 6.2.6.Final
2023-08-17T09:27:54.873-04:00  INFO 13321 --- [    Test worker] org.hibernate.cfg.Environment            : HHH000406: Using bytecode reflection optimizer
2023-08-17T09:27:55.046-04:00  INFO 13321 --- [    Test worker] o.h.b.i.BytecodeProviderInitiator        : HHH000021: Bytecode provider name : bytebuddy
2023-08-17T09:27:55.236-04:00  INFO 13321 --- [    Test worker] o.s.o.j.p.SpringPersistenceUnitInfo      : No LoadTimeWeaver setup: ignoring JPA class transformer
2023-08-17T09:27:55.259-04:00  INFO 13321 --- [    Test worker] com.zaxxer.hikari.HikariDataSource       : HikariPool-1 - Starting...
2023-08-17T09:27:55.444-04:00  INFO 13321 --- [    Test worker] com.zaxxer.hikari.pool.HikariPool        : HikariPool-1 - Added connection org.postgresql.jdbc.PgConnection@1412682c
2023-08-17T09:27:55.448-04:00  INFO 13321 --- [    Test worker] com.zaxxer.hikari.HikariDataSource       : HikariPool-1 - Start completed.
2023-08-17T09:27:55.825-04:00  INFO 13321 --- [    Test worker] o.h.b.i.BytecodeProviderInitiator        : HHH000021: Bytecode provider name : bytebuddy
2023-08-17T09:27:56.620-04:00  INFO 13321 --- [    Test worker] o.h.e.t.j.p.i.JtaPlatformInitiator       : HHH000490: Using JtaPlatform implementation: [org.hibernate.engine.transaction.jta.platform.internal.NoJtaPlatform]
Hibernate: alter table if exists users alter column update_at set data type timestamp(6)
Hibernate: alter table if exists users alter column created_at set data type timestamp(6)
2023-08-17T09:27:56.677-04:00  INFO 13321 --- [    Test worker] j.LocalContainerEntityManagerFactoryBean : Initialized JPA EntityManagerFactory for persistence unit 'default'
2023-08-17T09:27:57.245-04:00  WARN 13321 --- [    Test worker] JpaBaseConfiguration$JpaWebConfiguration : spring.jpa.open-in-view is enabled by default. Therefore, database queries may be performed during view rendering. Explicitly configure spring.jpa.open-in-view to disable this warning
2023-08-17T09:27:57.277-04:00  WARN 13321 --- [    Test worker] .s.s.UserDetailsServiceAutoConfiguration : 

Using generated security password: 7cf4b840-7c6e-4097-8e17-bf38c3afb026

This generated password is for development use only. Your security configuration must be updated before running your application in production.

2023-08-17T09:27:57.756-04:00  INFO 13321 --- [    Test worker] o.s.s.web.DefaultSecurityFilterChain     : Will secure any request with [org.springframework.security.web.session.DisableEncodeUrlFilter@15a5cc6e, org.springframework.security.web.context.request.async.WebAsyncManagerIntegrationFilter@4a65c40, org.springframework.security.web.context.SecurityContextHolderFilter@1f02b6d1, org.springframework.security.web.header.HeaderWriterFilter@7f20dfd5, org.springframework.web.filter.CorsFilter@4fc84c92, org.springframework.security.web.authentication.logout.LogoutFilter@62ff14cd, org.springframework.security.web.savedrequest.RequestCacheAwareFilter@5bddd141, org.springframework.security.web.servletapi.SecurityContextHolderAwareRequestFilter@3cb376a3, org.springframework.security.web.authentication.AnonymousAuthenticationFilter@5f7bd970, org.springframework.security.web.access.ExceptionTranslationFilter@2a5ed225, org.springframework.security.web.access.intercept.AuthorizationFilter@2396408a]
2023-08-17T09:27:58.337-04:00  INFO 13321 --- [    Test worker] c.s.u.UserServiceApplicationTests        : Started UserServiceApplicationTests in 6.458 seconds (process running for 8.025)
]]></system-out>
  <system-err><![CDATA[]]></system-err>
</testsuite>
