<?xml version="1.0" encoding="UTF-8"?>
<testsuite name="com.sbsocial.userservice.UserServiceApplicationTests" tests="1" skipped="0" failures="0" errors="0" timestamp="2023-08-15T20:02:33" hostname="osmait-ms7b86" time="0.974">
  <properties/>
  <testcase name="contextLoads()" classname="com.sbsocial.userservice.UserServiceApplicationTests" time="0.974"/>
  <system-out><![CDATA[16:02:25.878 [Test worker] INFO org.springframework.test.context.support.AnnotationConfigContextLoaderUtils -- Could not detect default configuration classes for test class [com.sbsocial.userservice.UserServiceApplicationTests]: UserServiceApplicationTests does not declare any static, non-private, non-final, nested classes annotated with @Configuration.
16:02:26.025 [Test worker] INFO org.springframework.boot.test.context.SpringBootTestContextBootstrapper -- Found @SpringBootConfiguration com.sbsocial.userservice.UserServiceApplication for test class com.sbsocial.userservice.UserServiceApplicationTests

  .   ____          _            __ _ _
 /\\ / ___'_ __ _ _(_)_ __  __ _ \ \ \ \
( ( )\___ | '_ | '_| | '_ \/ _` | \ \ \ \
 \\/  ___)| |_)| | | | | || (_| |  ) ) ) )
  '  |____| .__|_| |_|_| |_\__, | / / / /
 =========|_|==============|___/=/_/_/_/
 :: Spring Boot ::                (v3.1.2)

2023-08-15T16:02:26.707-04:00  INFO 37022 --- [    Test worker] c.s.u.UserServiceApplicationTests        : Starting UserServiceApplicationTests using Java 17.0.6 with PID 37022 (started by osmait in /home/osmait/Documents/WorkSpace/redsocialMicroservices/userService/userService)
2023-08-15T16:02:26.710-04:00  INFO 37022 --- [    Test worker] c.s.u.UserServiceApplicationTests        : No active profile set, falling back to 1 default profile: "default"
2023-08-15T16:02:27.836-04:00  INFO 37022 --- [    Test worker] .s.d.r.c.RepositoryConfigurationDelegate : Bootstrapping Spring Data JPA repositories in DEFAULT mode.
2023-08-15T16:02:27.945-04:00  INFO 37022 --- [    Test worker] .s.d.r.c.RepositoryConfigurationDelegate : Finished Spring Data repository scanning in 91 ms. Found 1 JPA repository interfaces.
2023-08-15T16:02:29.066-04:00  INFO 37022 --- [    Test worker] o.hibernate.jpa.internal.util.LogHelper  : HHH000204: Processing PersistenceUnitInfo [name: default]
2023-08-15T16:02:29.172-04:00  INFO 37022 --- [    Test worker] org.hibernate.Version                    : HHH000412: Hibernate ORM core version 6.2.6.Final
2023-08-15T16:02:29.177-04:00  INFO 37022 --- [    Test worker] org.hibernate.cfg.Environment            : HHH000406: Using bytecode reflection optimizer
2023-08-15T16:02:29.457-04:00  INFO 37022 --- [    Test worker] o.h.b.i.BytecodeProviderInitiator        : HHH000021: Bytecode provider name : bytebuddy
2023-08-15T16:02:29.700-04:00  INFO 37022 --- [    Test worker] o.s.o.j.p.SpringPersistenceUnitInfo      : No LoadTimeWeaver setup: ignoring JPA class transformer
2023-08-15T16:02:29.734-04:00  INFO 37022 --- [    Test worker] com.zaxxer.hikari.HikariDataSource       : HikariPool-1 - Starting...
2023-08-15T16:02:30.039-04:00  INFO 37022 --- [    Test worker] com.zaxxer.hikari.pool.HikariPool        : HikariPool-1 - Added connection org.postgresql.jdbc.PgConnection@5da6b13d
2023-08-15T16:02:30.043-04:00  INFO 37022 --- [    Test worker] com.zaxxer.hikari.HikariDataSource       : HikariPool-1 - Start completed.
2023-08-15T16:02:30.525-04:00  INFO 37022 --- [    Test worker] o.h.b.i.BytecodeProviderInitiator        : HHH000021: Bytecode provider name : bytebuddy
2023-08-15T16:02:31.596-04:00  INFO 37022 --- [    Test worker] o.h.e.t.j.p.i.JtaPlatformInitiator       : HHH000490: Using JtaPlatform implementation: [org.hibernate.engine.transaction.jta.platform.internal.NoJtaPlatform]
Hibernate: alter table if exists users alter column update_at set data type timestamp(6)
Hibernate: alter table if exists users alter column created_at set data type timestamp(6)
2023-08-15T16:02:31.652-04:00  INFO 37022 --- [    Test worker] j.LocalContainerEntityManagerFactoryBean : Initialized JPA EntityManagerFactory for persistence unit 'default'
2023-08-15T16:02:32.538-04:00  WARN 37022 --- [    Test worker] JpaBaseConfiguration$JpaWebConfiguration : spring.jpa.open-in-view is enabled by default. Therefore, database queries may be performed during view rendering. Explicitly configure spring.jpa.open-in-view to disable this warning
2023-08-15T16:02:33.161-04:00  INFO 37022 --- [    Test worker] c.s.u.UserServiceApplicationTests        : Started UserServiceApplicationTests in 6.925 seconds (process running for 8.735)
]]></system-out>
  <system-err><![CDATA[]]></system-err>
</testsuite>
