<?xml version="1.0" encoding="UTF-8"?>
<testsuite name="com.sbsocial.userservice.UserServiceApplicationTests" tests="1" skipped="0" failures="0" errors="0" timestamp="2023-08-21T17:45:52" hostname="osmait-ms7b86" time="1.575">
  <properties/>
  <testcase name="contextLoads()" classname="com.sbsocial.userservice.UserServiceApplicationTests" time="1.575"/>
  <system-out><![CDATA[13:45:43.148 [Test worker] INFO org.springframework.test.context.support.AnnotationConfigContextLoaderUtils -- Could not detect default configuration classes for test class [com.sbsocial.userservice.UserServiceApplicationTests]: UserServiceApplicationTests does not declare any static, non-private, non-final, nested classes annotated with @Configuration.
13:45:43.356 [Test worker] INFO org.springframework.boot.test.context.SpringBootTestContextBootstrapper -- Found @SpringBootConfiguration com.sbsocial.userservice.UserServiceApplication for test class com.sbsocial.userservice.UserServiceApplicationTests

  .   ____          _            __ _ _
 /\\ / ___'_ __ _ _(_)_ __  __ _ \ \ \ \
( ( )\___ | '_ | '_| | '_ \/ _` | \ \ \ \
 \\/  ___)| |_)| | | | | || (_| |  ) ) ) )
  '  |____| .__|_| |_|_| |_\__, | / / / /
 =========|_|==============|___/=/_/_/_/
 :: Spring Boot ::                (v3.1.2)

2023-08-21T13:45:44.418-04:00  INFO 67224 --- [    Test worker] c.s.u.UserServiceApplicationTests        : Starting UserServiceApplicationTests using Java 17.0.6 with PID 67224 (started by osmait in /home/osmait/Documents/WorkSpace/redsocialMicroservices/userService/userService)
2023-08-21T13:45:44.420-04:00  INFO 67224 --- [    Test worker] c.s.u.UserServiceApplicationTests        : No active profile set, falling back to 1 default profile: "default"
2023-08-21T13:45:45.858-04:00  INFO 67224 --- [    Test worker] .s.d.r.c.RepositoryConfigurationDelegate : Bootstrapping Spring Data JPA repositories in DEFAULT mode.
2023-08-21T13:45:45.985-04:00  INFO 67224 --- [    Test worker] .s.d.r.c.RepositoryConfigurationDelegate : Finished Spring Data repository scanning in 109 ms. Found 1 JPA repository interfaces.
2023-08-21T13:45:47.181-04:00  INFO 67224 --- [    Test worker] o.hibernate.jpa.internal.util.LogHelper  : HHH000204: Processing PersistenceUnitInfo [name: default]
2023-08-21T13:45:47.343-04:00  INFO 67224 --- [    Test worker] org.hibernate.Version                    : HHH000412: Hibernate ORM core version 6.2.6.Final
2023-08-21T13:45:47.350-04:00  INFO 67224 --- [    Test worker] org.hibernate.cfg.Environment            : HHH000406: Using bytecode reflection optimizer
2023-08-21T13:45:47.728-04:00  INFO 67224 --- [    Test worker] o.h.b.i.BytecodeProviderInitiator        : HHH000021: Bytecode provider name : bytebuddy
2023-08-21T13:45:48.104-04:00  INFO 67224 --- [    Test worker] o.s.o.j.p.SpringPersistenceUnitInfo      : No LoadTimeWeaver setup: ignoring JPA class transformer
2023-08-21T13:45:48.139-04:00  INFO 67224 --- [    Test worker] com.zaxxer.hikari.HikariDataSource       : HikariPool-1 - Starting...
2023-08-21T13:45:48.357-04:00  INFO 67224 --- [    Test worker] com.zaxxer.hikari.pool.HikariPool        : HikariPool-1 - Added connection org.postgresql.jdbc.PgConnection@5fb7ab9c
2023-08-21T13:45:48.360-04:00  INFO 67224 --- [    Test worker] com.zaxxer.hikari.HikariDataSource       : HikariPool-1 - Start completed.
2023-08-21T13:45:48.750-04:00  INFO 67224 --- [    Test worker] o.h.b.i.BytecodeProviderInitiator        : HHH000021: Bytecode provider name : bytebuddy
2023-08-21T13:45:49.885-04:00  INFO 67224 --- [    Test worker] o.h.e.t.j.p.i.JtaPlatformInitiator       : HHH000490: Using JtaPlatform implementation: [org.hibernate.engine.transaction.jta.platform.internal.NoJtaPlatform]
Hibernate: alter table if exists users alter column update_at set data type timestamp(6)
Hibernate: alter table if exists users alter column created_at set data type timestamp(6)
2023-08-21T13:45:49.945-04:00  INFO 67224 --- [    Test worker] j.LocalContainerEntityManagerFactoryBean : Initialized JPA EntityManagerFactory for persistence unit 'default'
2023-08-21T13:45:50.760-04:00  WARN 67224 --- [    Test worker] JpaBaseConfiguration$JpaWebConfiguration : spring.jpa.open-in-view is enabled by default. Therefore, database queries may be performed during view rendering. Explicitly configure spring.jpa.open-in-view to disable this warning
2023-08-21T13:45:50.858-04:00  WARN 67224 --- [    Test worker] .s.s.UserDetailsServiceAutoConfiguration : 

Using generated security password: 4e2c162e-48dc-46bd-89ff-8df3cec4dc8f

This generated password is for development use only. Your security configuration must be updated before running your application in production.

2023-08-21T13:45:51.500-04:00  INFO 67224 --- [    Test worker] o.s.s.web.DefaultSecurityFilterChain     : Will secure any request with [org.springframework.security.web.session.DisableEncodeUrlFilter@6560f387, org.springframework.security.web.context.request.async.WebAsyncManagerIntegrationFilter@6a24c41d, org.springframework.security.web.context.SecurityContextHolderFilter@1b984ba5, org.springframework.security.web.header.HeaderWriterFilter@5d2bc446, org.springframework.web.filter.CorsFilter@5315210d, org.springframework.security.web.authentication.logout.LogoutFilter@400df2b3, org.springframework.security.web.savedrequest.RequestCacheAwareFilter@41433530, org.springframework.security.web.servletapi.SecurityContextHolderAwareRequestFilter@70efdd18, org.springframework.security.web.authentication.AnonymousAuthenticationFilter@3f5f79d8, org.springframework.security.web.access.ExceptionTranslationFilter@1af78e37, org.springframework.security.web.access.intercept.AuthorizationFilter@45494046]
2023-08-21T13:45:52.442-04:00  INFO 67224 --- [    Test worker] c.s.u.UserServiceApplicationTests        : Started UserServiceApplicationTests in 8.514 seconds (process running for 10.855)
]]></system-out>
  <system-err><![CDATA[]]></system-err>
</testsuite>
