<?xml version="1.0" encoding="UTF-8"?>
<testsuite name="com.sbsocial.userservice.services.UserServicesTest" tests="4" skipped="0" failures="0" errors="0" timestamp="2023-11-10T17:18:34" hostname="osmait-ms7b86" time="0.289">
  <properties/>
  <testcase name="create()" classname="com.sbsocial.userservice.services.UserServicesTest" time="0.265"/>
  <testcase name="findOne()" classname="com.sbsocial.userservice.services.UserServicesTest" time="0.01"/>
  <testcase name="findOneByEmail()" classname="com.sbsocial.userservice.services.UserServicesTest" time="0.004"/>
  <testcase name="findProfile()" classname="com.sbsocial.userservice.services.UserServicesTest" time="0.004"/>
  <system-out><![CDATA[]]></system-out>
  <system-err><![CDATA[]]></system-err>
</testsuite>
